Copyright 1986-2018 Xilinx, Inc. All Rights Reserved.
---------------------------------------------------------------------------------------------------------
| Tool Version : Vivado v.2018.2 (win64) Build 2258646 Thu Jun 14 20:03:12 MDT 2018
| Date         : Tue May 14 21:24:28 2019
| Host         : EEE-R448-18 running 64-bit major release  (build 9200)
| Command      : report_control_sets -verbose -file design_Uniform_32Bit_wrapper_control_sets_placed.rpt
| Design       : design_Uniform_32Bit_wrapper
| Device       : xc7z020
---------------------------------------------------------------------------------------------------------

Control Set Information

Table of Contents
-----------------
1. Summary
2. Histogram
3. Flip-Flop Distribution
4. Detailed Control Set Information

1. Summary
----------

+----------------------------------------------------------+-------+
|                          Status                          | Count |
+----------------------------------------------------------+-------+
| Number of unique control sets                            |    48 |
| Unused register locations in slices containing registers |    50 |
+----------------------------------------------------------+-------+


2. Histogram
------------

+--------+--------------+
| Fanout | Control Sets |
+--------+--------------+
|      4 |            1 |
|      8 |            5 |
|     10 |            3 |
|     12 |            1 |
|     14 |            4 |
|    16+ |           34 |
+--------+--------------+


3. Flip-Flop Distribution
-------------------------

+--------------+-----------------------+------------------------+-----------------+--------------+
| Clock Enable | Synchronous Set/Reset | Asynchronous Set/Reset | Total Registers | Total Slices |
+--------------+-----------------------+------------------------+-----------------+--------------+
| No           | No                    | No                     |             360 |           43 |
| No           | No                    | Yes                    |               0 |            0 |
| No           | Yes                   | No                     |             154 |           23 |
| Yes          | No                    | No                     |             836 |           90 |
| Yes          | No                    | Yes                    |               0 |            0 |
| Yes          | Yes                   | No                     |             192 |           23 |
+--------------+-----------------------+------------------------+-----------------+--------------+


4. Detailed Control Set Information
-----------------------------------

+-------------------------------------------------------------+----------------------------------------------------------------------------------------------------------------------------------------------------------------------------+--------------------------------------------------------------------------------------------------------------------------------------------------------+------------------+----------------+
|                         Clock Signal                        |                                                                                Enable Signal                                                                               |                                                                    Set/Reset Signal                                                                    | Slice Load Count | Bel Load Count |
+-------------------------------------------------------------+----------------------------------------------------------------------------------------------------------------------------------------------------------------------------+--------------------------------------------------------------------------------------------------------------------------------------------------------+------------------+----------------+
|  design_Uniform_32Bit_i/processing_system7_0/inst/FCLK_CLK0 | design_Uniform_32Bit_i/ps7_0_axi_periph/s00_couplers/auto_pc/inst/gen_axilite.gen_b2s_conv.axilite_b2s/WR.b_channel_0/bid_fifo_0/bresp_push                                |                                                                                                                                                        |                1 |              4 |
|  design_Uniform_32Bit_i/processing_system7_0/inst/FCLK_CLK0 |                                                                                                                                                                            | design_Uniform_32Bit_i/rst_ps7_0_100M/U0/EXT_LPF/lpf_int                                                                                               |                1 |              8 |
|  design_Uniform_32Bit_i/processing_system7_0/inst/FCLK_CLK0 | design_Uniform_32Bit_i/ps7_0_axi_periph/s00_couplers/auto_pc/inst/gen_axilite.gen_b2s_conv.axilite_b2s/RD.ar_channel_0/ar_cmd_fsm_0/E[0]                                   | design_Uniform_32Bit_i/ps7_0_axi_periph/s00_couplers/auto_pc/inst/gen_axilite.gen_b2s_conv.axilite_b2s/RD.ar_channel_0/ar_cmd_fsm_0/axlen_cnt_reg[7]   |                1 |              8 |
|  design_Uniform_32Bit_i/processing_system7_0/inst/FCLK_CLK0 |                                                                                                                                                                            | design_Uniform_32Bit_i/ps7_0_axi_periph/s00_couplers/auto_pc/inst/gen_axilite.gen_b2s_conv.axilite_b2s/SI_REG/ar.ar_pipe/m_valid_i_reg_0               |                3 |              8 |
|  design_Uniform_32Bit_i/processing_system7_0/inst/FCLK_CLK0 |                                                                                                                                                                            | design_Uniform_32Bit_i/ps7_0_axi_periph/s00_couplers/auto_pc/inst/gen_axilite.gen_b2s_conv.axilite_b2s/SI_REG/aw.aw_pipe/s_ready_i_reg_0               |                2 |              8 |
|  design_Uniform_32Bit_i/processing_system7_0/inst/FCLK_CLK0 | design_Uniform_32Bit_i/ps7_0_axi_periph/s00_couplers/auto_pc/inst/gen_axilite.gen_b2s_conv.axilite_b2s/WR.aw_channel_0/aw_cmd_fsm_0/axaddr_wrap_reg[11][0]                 | design_Uniform_32Bit_i/ps7_0_axi_periph/s00_couplers/auto_pc/inst/gen_axilite.gen_b2s_conv.axilite_b2s/WR.aw_channel_0/aw_cmd_fsm_0/axlen_cnt_reg[7]_1 |                2 |              8 |
|  design_Uniform_32Bit_i/processing_system7_0/inst/FCLK_CLK0 | design_Uniform_32Bit_i/uniform_0/inst/uniform_axi_lite_interface/inst/axi_awready0                                                                                         | design_Uniform_32Bit_i/uniform_0/inst/uniform_axi_lite_interface/inst/p_0_in                                                                           |                2 |             10 |
|  design_Uniform_32Bit_i/processing_system7_0/inst/FCLK_CLK0 |                                                                                                                                                                            | design_Uniform_32Bit_i/uniform_0/inst/uniform_axi_lite_interface/inst/p_0_in                                                                           |                2 |             10 |
|  design_Uniform_32Bit_i/processing_system7_0/inst/FCLK_CLK0 | design_Uniform_32Bit_i/uniform_0/inst/uniform_axi_lite_interface/inst/axi_arready0                                                                                         | design_Uniform_32Bit_i/uniform_0/inst/uniform_axi_lite_interface/inst/p_0_in                                                                           |                3 |             10 |
|  design_Uniform_32Bit_i/processing_system7_0/inst/FCLK_CLK0 | design_Uniform_32Bit_i/rst_ps7_0_100M/U0/SEQ/seq_cnt_en                                                                                                                    | design_Uniform_32Bit_i/rst_ps7_0_100M/U0/SEQ/SEQ_COUNTER/clear                                                                                         |                1 |             12 |
|  design_Uniform_32Bit_i/processing_system7_0/inst/FCLK_CLK0 | design_Uniform_32Bit_i/uniform_0/inst/uniform_axi_lite_interface/inst/slv_reg_array[1][7]_i_1_n_0                                                                          |                                                                                                                                                        |                1 |             14 |
|  design_Uniform_32Bit_i/processing_system7_0/inst/FCLK_CLK0 | design_Uniform_32Bit_i/uniform_0/inst/uniform_axi_lite_interface/inst/slv_reg_array[3][7]_i_1_n_0                                                                          |                                                                                                                                                        |                2 |             14 |
|  design_Uniform_32Bit_i/processing_system7_0/inst/FCLK_CLK0 | design_Uniform_32Bit_i/uniform_0/inst/uniform_axi_lite_interface/inst/slv_reg_array[2][7]_i_1_n_0                                                                          |                                                                                                                                                        |                1 |             14 |
|  design_Uniform_32Bit_i/processing_system7_0/inst/FCLK_CLK0 | design_Uniform_32Bit_i/uniform_0/inst/uniform_axi_lite_interface/inst/slv_reg_array[0][7]_i_1_n_0                                                                          |                                                                                                                                                        |                1 |             14 |
|  design_Uniform_32Bit_i/processing_system7_0/inst/FCLK_CLK0 | design_Uniform_32Bit_i/uniform_0/inst/uniform_axi_lite_interface/inst/slv_reg_array[1][15]_i_1_n_0                                                                         |                                                                                                                                                        |                1 |             16 |
|  design_Uniform_32Bit_i/processing_system7_0/inst/FCLK_CLK0 | design_Uniform_32Bit_i/uniform_0/inst/uniform_axi_lite_interface/inst/slv_reg_array[0][31]_i_1_n_0                                                                         |                                                                                                                                                        |                2 |             16 |
|  design_Uniform_32Bit_i/processing_system7_0/inst/FCLK_CLK0 | design_Uniform_32Bit_i/uniform_0/inst/uniform_axi_lite_interface/inst/slv_reg_array[0][15]_i_1_n_0                                                                         |                                                                                                                                                        |                2 |             16 |
|  design_Uniform_32Bit_i/processing_system7_0/inst/FCLK_CLK0 | design_Uniform_32Bit_i/uniform_0/inst/uniform_axi_lite_interface/inst/slv_reg_array[0][23]_i_1_n_0                                                                         |                                                                                                                                                        |                2 |             16 |
|  design_Uniform_32Bit_i/processing_system7_0/inst/FCLK_CLK0 | design_Uniform_32Bit_i/uniform_0/inst/uniform_axi_lite_interface/inst/slv_reg_array[1][23]_i_1_n_0                                                                         |                                                                                                                                                        |                1 |             16 |
|  design_Uniform_32Bit_i/processing_system7_0/inst/FCLK_CLK0 | design_Uniform_32Bit_i/uniform_0/inst/uniform_axi_lite_interface/inst/slv_reg_array[1][31]_i_1_n_0                                                                         |                                                                                                                                                        |                1 |             16 |
|  design_Uniform_32Bit_i/processing_system7_0/inst/FCLK_CLK0 | design_Uniform_32Bit_i/uniform_0/inst/uniform_axi_lite_interface/inst/slv_reg_array[2][31]_i_1_n_0                                                                         |                                                                                                                                                        |                1 |             16 |
|  design_Uniform_32Bit_i/processing_system7_0/inst/FCLK_CLK0 | design_Uniform_32Bit_i/uniform_0/inst/uniform_axi_lite_interface/inst/slv_reg_array[2][15]_i_1_n_0                                                                         |                                                                                                                                                        |                1 |             16 |
|  design_Uniform_32Bit_i/processing_system7_0/inst/FCLK_CLK0 | design_Uniform_32Bit_i/uniform_0/inst/uniform_axi_lite_interface/inst/slv_reg_array[3][23]_i_1_n_0                                                                         |                                                                                                                                                        |                3 |             16 |
|  design_Uniform_32Bit_i/processing_system7_0/inst/FCLK_CLK0 | design_Uniform_32Bit_i/uniform_0/inst/uniform_axi_lite_interface/inst/slv_reg_array[3][31]_i_1_n_0                                                                         |                                                                                                                                                        |                3 |             16 |
|  design_Uniform_32Bit_i/processing_system7_0/inst/FCLK_CLK0 | design_Uniform_32Bit_i/uniform_0/inst/uniform_axi_lite_interface/inst/slv_reg_array[2][23]_i_1_n_0                                                                         |                                                                                                                                                        |                1 |             16 |
|  design_Uniform_32Bit_i/processing_system7_0/inst/FCLK_CLK0 | design_Uniform_32Bit_i/ps7_0_axi_periph/s00_couplers/auto_pc/inst/gen_axilite.gen_b2s_conv.axilite_b2s/WR.b_channel_0/mhandshake_r                                         | design_Uniform_32Bit_i/ps7_0_axi_periph/s00_couplers/auto_pc/inst/gen_axilite.gen_b2s_conv.axilite_b2s/WR.b_channel_0/bid_fifo_0/SR[0]                 |                3 |             16 |
|  design_Uniform_32Bit_i/processing_system7_0/inst/FCLK_CLK0 | design_Uniform_32Bit_i/uniform_0/inst/uniform_axi_lite_interface/inst/slv_reg_array[3][15]_i_1_n_0                                                                         |                                                                                                                                                        |                3 |             16 |
|  design_Uniform_32Bit_i/processing_system7_0/inst/FCLK_CLK0 | design_Uniform_32Bit_i/ps7_0_axi_periph/s00_couplers/auto_pc/inst/gen_axilite.gen_b2s_conv.axilite_b2s/WR.aw_channel_0/cmd_translator_0/incr_cmd_0/axaddr_incr[11]_i_1_n_0 |                                                                                                                                                        |                2 |             16 |
|  design_Uniform_32Bit_i/processing_system7_0/inst/FCLK_CLK0 | design_Uniform_32Bit_i/ps7_0_axi_periph/s00_couplers/auto_pc/inst/gen_axilite.gen_b2s_conv.axilite_b2s/WR.aw_channel_0/aw_cmd_fsm_0/E[0]                                   |                                                                                                                                                        |                4 |             16 |
|  design_Uniform_32Bit_i/processing_system7_0/inst/FCLK_CLK0 | design_Uniform_32Bit_i/ps7_0_axi_periph/s00_couplers/auto_pc/inst/gen_axilite.gen_b2s_conv.axilite_b2s/RD.ar_channel_0/ar_cmd_fsm_0/axaddr_incr_reg[0][0]                  |                                                                                                                                                        |                2 |             16 |
|  design_Uniform_32Bit_i/processing_system7_0/inst/FCLK_CLK0 | design_Uniform_32Bit_i/ps7_0_axi_periph/s00_couplers/auto_pc/inst/gen_axilite.gen_b2s_conv.axilite_b2s/RD.ar_channel_0/ar_cmd_fsm_0/wrap_boundary_axaddr_r_reg[11][0]      |                                                                                                                                                        |                4 |             16 |
|  design_Uniform_32Bit_i/processing_system7_0/inst/FCLK_CLK0 | design_Uniform_32Bit_i/ps7_0_axi_periph/s00_couplers/auto_pc/inst/gen_axilite.gen_b2s_conv.axilite_b2s/RD.r_channel_0/r_push_r                                             |                                                                                                                                                        |                4 |             26 |
|  design_Uniform_32Bit_i/processing_system7_0/inst/FCLK_CLK0 | design_Uniform_32Bit_i/ps7_0_axi_periph/s00_couplers/auto_pc/inst/gen_axilite.gen_b2s_conv.axilite_b2s/SI_REG/b.b_pipe/skid_buffer_reg[0]_0                                |                                                                                                                                                        |                2 |             28 |
|  design_Uniform_32Bit_i/processing_system7_0/inst/FCLK_CLK0 | design_Uniform_32Bit_i/ps7_0_axi_periph/s00_couplers/auto_pc/inst/gen_axilite.gen_b2s_conv.axilite_b2s/SI_REG/b.b_pipe/p_1_in                                              |                                                                                                                                                        |                2 |             28 |
|  design_Uniform_32Bit_i/processing_system7_0/inst/FCLK_CLK0 | design_Uniform_32Bit_i/ps7_0_axi_periph/s00_couplers/auto_pc/inst/gen_axilite.gen_b2s_conv.axilite_b2s/WR.aw_channel_0/aw_cmd_fsm_0/b_push                                 |                                                                                                                                                        |                3 |             32 |
|  design_Uniform_32Bit_i/processing_system7_0/inst/FCLK_CLK0 | design_Uniform_32Bit_i/ps7_0_axi_periph/s00_couplers/auto_pc/inst/gen_axilite.gen_b2s_conv.axilite_b2s/WR.aw_channel_0/aw_cmd_fsm_0/axaddr_wrap_reg[11][0]                 |                                                                                                                                                        |                5 |             32 |
|  design_Uniform_32Bit_i/processing_system7_0/inst/FCLK_CLK0 | design_Uniform_32Bit_i/ps7_0_axi_periph/s00_couplers/auto_pc/inst/gen_axilite.gen_b2s_conv.axilite_b2s/RD.ar_channel_0/ar_cmd_fsm_0/E[0]                                   |                                                                                                                                                        |                6 |             32 |
|  design_Uniform_32Bit_i/processing_system7_0/inst/FCLK_CLK0 | design_Uniform_32Bit_i/ps7_0_axi_periph/s00_couplers/auto_pc/inst/gen_axilite.gen_b2s_conv.axilite_b2s/WR.aw_channel_0/aw_cmd_fsm_0/m_payload_i_reg[0][0]                  |                                                                                                                                                        |                4 |             56 |
|  design_Uniform_32Bit_i/processing_system7_0/inst/FCLK_CLK0 | design_Uniform_32Bit_i/ps7_0_axi_periph/s00_couplers/auto_pc/inst/gen_axilite.gen_b2s_conv.axilite_b2s/RD.ar_channel_0/ar_cmd_fsm_0/m_payload_i_reg[0]_1[0]                |                                                                                                                                                        |                8 |             56 |
|  design_Uniform_32Bit_i/processing_system7_0/inst/FCLK_CLK0 | design_Uniform_32Bit_i/ps7_0_axi_periph/s00_couplers/auto_pc/inst/gen_axilite.gen_b2s_conv.axilite_b2s/SI_REG/ar.ar_pipe/s_axi_arready                                     |                                                                                                                                                        |                6 |             56 |
|  design_Uniform_32Bit_i/processing_system7_0/inst/FCLK_CLK0 | design_Uniform_32Bit_i/ps7_0_axi_periph/s00_couplers/auto_pc/inst/gen_axilite.gen_b2s_conv.axilite_b2s/SI_REG/aw.aw_pipe/s_axi_awready                                     |                                                                                                                                                        |                5 |             56 |
|  design_Uniform_32Bit_i/processing_system7_0/inst/FCLK_CLK0 | design_Uniform_32Bit_i/uniform_0/inst/uniform_struct/convert4/latency_test.reg/partial_one.last_srlc33e/convert4_dout_net                                                  | design_Uniform_32Bit_i/uniform_0/inst/uniform_struct/convert2/latency_test.reg/partial_one.last_srlc33e/convert2_dout_net                              |                5 |             64 |
|  design_Uniform_32Bit_i/processing_system7_0/inst/FCLK_CLK0 | design_Uniform_32Bit_i/uniform_0/inst/uniform_axi_lite_interface/inst/slv_reg_rden__0                                                                                      | design_Uniform_32Bit_i/uniform_0/inst/uniform_axi_lite_interface/inst/p_0_in                                                                           |                6 |             64 |
|  design_Uniform_32Bit_i/processing_system7_0/inst/FCLK_CLK0 | design_Uniform_32Bit_i/ps7_0_axi_periph/s00_couplers/auto_pc/inst/gen_axilite.gen_b2s_conv.axilite_b2s/RD.r_channel_0/rd_data_fifo_0/wr_en0                                |                                                                                                                                                        |                9 |             64 |
|  design_Uniform_32Bit_i/processing_system7_0/inst/FCLK_CLK0 | design_Uniform_32Bit_i/ps7_0_axi_periph/s00_couplers/auto_pc/inst/gen_axilite.gen_b2s_conv.axilite_b2s/SI_REG/r.r_pipe/skid_buffer_reg[0]_0                                |                                                                                                                                                        |                7 |             90 |
|  design_Uniform_32Bit_i/processing_system7_0/inst/FCLK_CLK0 | design_Uniform_32Bit_i/ps7_0_axi_periph/s00_couplers/auto_pc/inst/gen_axilite.gen_b2s_conv.axilite_b2s/SI_REG/r.r_pipe/p_1_in                                              |                                                                                                                                                        |                7 |             90 |
|  design_Uniform_32Bit_i/processing_system7_0/inst/FCLK_CLK0 |                                                                                                                                                                            | design_Uniform_32Bit_i/ps7_0_axi_periph/s00_couplers/auto_pc/inst/gen_axilite.gen_b2s_conv.axilite_b2s/areset_d1                                       |               15 |            120 |
|  design_Uniform_32Bit_i/processing_system7_0/inst/FCLK_CLK0 |                                                                                                                                                                            |                                                                                                                                                        |               44 |            362 |
+-------------------------------------------------------------+----------------------------------------------------------------------------------------------------------------------------------------------------------------------------+--------------------------------------------------------------------------------------------------------------------------------------------------------+------------------+----------------+


